<?xml version="1.0" encoding="UTF-8"?>
<testng-results skipped="0" failed="0" total="1" passed="1">
  <reporter-output>
  </reporter-output>
  <suite name="Default suite" duration-ms="35515" started-at="2014-12-23T08:48:28Z" finished-at="2014-12-23T08:49:04Z">
    <groups>
    </groups>
    <test name="Default test" duration-ms="35515" started-at="2014-12-23T08:48:28Z" finished-at="2014-12-23T08:49:04Z">
      <class name="PetStore">
        <test-method status="PASS" signature="start()[pri:0, instance:PetStore@c949c53]" name="start" is-config="true" duration-ms="13347" started-at="2014-12-23T14:18:28Z" finished-at="2014-12-23T14:18:42Z">
          <reporter-output>
          </reporter-output>
        </test-method> <!-- start -->
        <test-method status="PASS" signature="LaunchTest()[pri:0, instance:PetStore@c949c53]" name="LaunchTest" duration-ms="21832" started-at="2014-12-23T14:18:42Z" finished-at="2014-12-23T14:19:04Z">
          <reporter-output>
          </reporter-output>
        </test-method> <!-- LaunchTest -->
        <test-method status="PASS" signature="Close()[pri:0, instance:PetStore@c949c53]" name="Close" is-config="true" duration-ms="320" started-at="2014-12-23T14:19:04Z" finished-at="2014-12-23T14:19:04Z">
          <reporter-output>
          </reporter-output>
        </test-method> <!-- Close -->
      </class> <!-- PetStore -->
    </test> <!-- Default test -->
  </suite> <!-- Default suite -->
</testng-results>
